-------------------------------------------------------------------------------
Test set: CucumberTest
-------------------------------------------------------------------------------
Tests run: 3, Failures: 0, Errors: 3, Skipped: 0, Time elapsed: 10.36 s <<< FAILURE! - in CucumberTest
Get cases worldwide  Time elapsed: 4.537 s  <<< ERROR!
java.lang.NullPointerException

Get invalid country  Time elapsed: 2.569 s  <<< ERROR!
java.lang.NullPointerException

Get invalid date range  Time elapsed: 2.882 s  <<< ERROR!
java.lang.NullPointerException

