<?xml version="1.0" encoding="UTF-8"?>
<testsuite xmlns:xsi="http://www.w3.org/2001/XMLSchema-instance" xsi:noNamespaceSchemaLocation="https://maven.apache.org/surefire/maven-surefire-plugin/xsd/surefire-test-report.xsd" name="CucumberTest" time="10.36" tests="3" errors="3" skipped="0" failures="0">
  <properties>
[...]
</properties>
  <testcase name="Get cases worldwide" classname="io.github.bonigarcia.CucumberTest" time="4.537">
    <error type="java.lang.NullPointerException">java.lang.NullPointerException
</error>
    <system-out><![CDATA[23:18:02.463 [main] DEBUG io.github.bonigarcia.wdm.cache.ResolutionCache - Resolution firefox=99 in cache (valid until 00:15:24 03/05/2022 WEST)
23:18:02.473 [main] DEBUG io.github.bonigarcia.wdm.cache.ResolutionCache - Resolution firefox99=0.31.0 in cache (valid until 23:15:24 03/05/2022 WEST)
23:18:02.476 [main] INFO io.github.bonigarcia.wdm.WebDriverManager - Using geckodriver 0.31.0 (resolved driver for Firefox 99)
23:18:02.502 [main] DEBUG io.github.bonigarcia.wdm.WebDriverManager - Driver geckodriver 0.31.0 found in cache
23:18:02.503 [main] INFO io.github.bonigarcia.wdm.WebDriverManager - Exporting webdriver.gecko.driver as /home/pedro-duarte/.cache/selenium/geckodriver/linux64/0.31.0/geckodriver
23:18:02.685 [main] DEBUG io.netty.util.internal.logging.InternalLoggerFactory - Using SLF4J as the default logging framework
23:18:02.693 [main] DEBUG io.netty.util.ResourceLeakDetector - -Dio.netty.leakDetection.level: simple
23:18:02.693 [main] DEBUG io.netty.util.ResourceLeakDetector - -Dio.netty.leakDetection.targetRecords: 4
23:18:02.709 [main] DEBUG io.netty.util.ResourceLeakDetectorFactory - Loaded default ResourceLeakDetector: io.netty.util.ResourceLeakDetector@3d43fe
23:18:02.748 [main] DEBUG io.netty.util.internal.PlatformDependent0 - -Dio.netty.noUnsafe: false
23:18:02.748 [main] DEBUG io.netty.util.internal.PlatformDependent0 - Java version: 11
23:18:02.750 [main] DEBUG io.netty.util.internal.PlatformDependent0 - sun.misc.Unsafe.theUnsafe: available
23:18:02.750 [main] DEBUG io.netty.util.internal.PlatformDependent0 - sun.misc.Unsafe.copyMemory: available
23:18:02.751 [main] DEBUG io.netty.util.internal.PlatformDependent0 - java.nio.Buffer.address: available
23:18:02.751 [main] DEBUG io.netty.util.internal.PlatformDependent0 - direct buffer constructor: unavailable: Reflective setAccessible(true) disabled
23:18:02.752 [main] DEBUG io.netty.util.internal.PlatformDependent0 - java.nio.Bits.unaligned: available, true
23:18:02.753 [main] DEBUG io.netty.util.internal.PlatformDependent0 - jdk.internal.misc.Unsafe.allocateUninitializedArray(int): unavailable: class io.netty.util.internal.PlatformDependent0$6 cannot access class jdk.internal.misc.Unsafe (in module java.base) because module java.base does not export jdk.internal.misc to unnamed module @31edaa7d
23:18:02.754 [main] DEBUG io.netty.util.internal.PlatformDependent0 - java.nio.DirectByteBuffer.<init>(long, int): unavailable
23:18:02.755 [main] DEBUG io.netty.util.internal.PlatformDependent - sun.misc.Unsafe: available
23:18:02.756 [main] DEBUG io.netty.util.internal.PlatformDependent - maxDirectMemory: 4141875200 bytes (maybe)
23:18:02.756 [main] DEBUG io.netty.util.internal.PlatformDependent - -Dio.netty.tmpdir: /tmp (java.io.tmpdir)
23:18:02.757 [main] DEBUG io.netty.util.internal.PlatformDependent - -Dio.netty.bitMode: 64 (sun.arch.data.model)
23:18:02.758 [main] DEBUG io.netty.util.internal.PlatformDependent - -Dio.netty.maxDirectMemory: -1 bytes
23:18:02.758 [main] DEBUG io.netty.util.internal.PlatformDependent - -Dio.netty.uninitializedArrayAllocationThreshold: -1
23:18:02.759 [main] DEBUG io.netty.util.internal.CleanerJava9 - java.nio.ByteBuffer.cleaner(): available
23:18:02.759 [main] DEBUG io.netty.util.internal.PlatformDependent - -Dio.netty.noPreferDirect: false
23:18:02.772 [main] DEBUG io.netty.util.internal.PlatformDependent - org.jctools-core.MpscChunkedArrayQueue: available
23:18:02.792 [main] DEBUG io.netty.util.internal.InternalThreadLocalMap - -Dio.netty.threadLocalMap.stringBuilder.initialSize: 1024
23:18:02.793 [main] DEBUG io.netty.util.internal.InternalThreadLocalMap - -Dio.netty.threadLocalMap.stringBuilder.maxSize: 4096
23:18:02.819 [main] DEBUG io.netty.handler.ssl.JdkSslContext - Default protocols (JDK): [TLSv1.3, TLSv1.2] 
23:18:02.820 [main] DEBUG io.netty.handler.ssl.JdkSslContext - Default cipher suites (JDK): [TLS_ECDHE_ECDSA_WITH_AES_256_GCM_SHA384, TLS_ECDHE_ECDSA_WITH_AES_128_GCM_SHA256, TLS_ECDHE_RSA_WITH_AES_128_GCM_SHA256, TLS_ECDHE_RSA_WITH_AES_256_GCM_SHA384, TLS_ECDHE_RSA_WITH_AES_128_CBC_SHA, TLS_ECDHE_RSA_WITH_AES_256_CBC_SHA, TLS_RSA_WITH_AES_128_GCM_SHA256, TLS_RSA_WITH_AES_128_CBC_SHA, TLS_RSA_WITH_AES_256_CBC_SHA, TLS_AES_128_GCM_SHA256, TLS_AES_256_GCM_SHA384]
23:18:02.854 [main] DEBUG io.netty.channel.MultithreadEventLoopGroup - -Dio.netty.eventLoopThreads: 8
23:18:02.865 [main] DEBUG io.netty.channel.nio.NioEventLoop - -Dio.netty.noKeySetOptimization: false
23:18:02.867 [main] DEBUG io.netty.channel.nio.NioEventLoop - -Dio.netty.selectorAutoRebuildThreshold: 512
23:18:02.901 [main] DEBUG io.netty.buffer.PooledByteBufAllocator - -Dio.netty.allocator.numHeapArenas: 8
23:18:02.904 [main] DEBUG io.netty.buffer.PooledByteBufAllocator - -Dio.netty.allocator.numDirectArenas: 8
23:18:02.905 [main] DEBUG io.netty.buffer.PooledByteBufAllocator - -Dio.netty.allocator.pageSize: 8192
23:18:02.912 [main] DEBUG io.netty.buffer.PooledByteBufAllocator - -Dio.netty.allocator.maxOrder: 11
23:18:02.914 [main] DEBUG io.netty.buffer.PooledByteBufAllocator - -Dio.netty.allocator.chunkSize: 16777216
23:18:02.914 [main] DEBUG io.netty.buffer.PooledByteBufAllocator - -Dio.netty.allocator.smallCacheSize: 256
23:18:02.914 [main] DEBUG io.netty.buffer.PooledByteBufAllocator - -Dio.netty.allocator.normalCacheSize: 64
23:18:02.914 [main] DEBUG io.netty.buffer.PooledByteBufAllocator - -Dio.netty.allocator.maxCachedBufferCapacity: 32768
23:18:02.914 [main] DEBUG io.netty.buffer.PooledByteBufAllocator - -Dio.netty.allocator.cacheTrimInterval: 8192
23:18:02.914 [main] DEBUG io.netty.buffer.PooledByteBufAllocator - -Dio.netty.allocator.cacheTrimIntervalMillis: 0
23:18:02.914 [main] DEBUG io.netty.buffer.PooledByteBufAllocator - -Dio.netty.allocator.useCacheForAllThreads: true
23:18:02.914 [main] DEBUG io.netty.buffer.PooledByteBufAllocator - -Dio.netty.allocator.maxCachedByteBuffersPerChunk: 1023
23:18:02.924 [main] DEBUG io.netty.buffer.ByteBufUtil - -Dio.netty.allocator.type: pooled
23:18:02.924 [main] DEBUG io.netty.buffer.ByteBufUtil - -Dio.netty.threadLocalDirectBufferSize: 0
23:18:02.925 [main] DEBUG io.netty.buffer.ByteBufUtil - -Dio.netty.maxThreadLocalCharBufferSize: 16384
23:18:03.249 [Forwarding newSession on session null to remote] DEBUG io.netty.channel.DefaultChannelId - -Dio.netty.processId: 741282 (auto-detected)
23:18:03.251 [Forwarding newSession on session null to remote] DEBUG io.netty.util.NetUtil - -Djava.net.preferIPv4Stack: false
23:18:03.251 [Forwarding newSession on session null to remote] DEBUG io.netty.util.NetUtil - -Djava.net.preferIPv6Addresses: false
23:18:03.253 [Forwarding newSession on session null to remote] DEBUG io.netty.util.NetUtilInitializations - Loopback interface: lo (lo, 0:0:0:0:0:0:0:1%lo)
23:18:03.254 [Forwarding newSession on session null to remote] DEBUG io.netty.util.NetUtil - /proc/sys/net/core/somaxconn: 4096
23:18:03.255 [Forwarding newSession on session null to remote] DEBUG io.netty.channel.DefaultChannelId - -Dio.netty.machineId: 70:1c:e7:ff:fe:9c:e8:93 (auto-detected)
23:18:03.328 [AsyncHttpClient-1-2] DEBUG io.netty.buffer.AbstractByteBuf - -Dio.netty.buffer.checkAccessible: true
23:18:03.328 [AsyncHttpClient-1-2] DEBUG io.netty.buffer.AbstractByteBuf - -Dio.netty.buffer.checkBounds: true
23:18:03.329 [AsyncHttpClient-1-2] DEBUG io.netty.util.ResourceLeakDetectorFactory - Loaded default ResourceLeakDetector: io.netty.util.ResourceLeakDetector@74cde7ec
23:18:03.352 [AsyncHttpClient-1-2] DEBUG org.asynchttpclient.netty.channel.NettyConnectListener - Using new Channel '[id: 0x4bcdd3f2, L:/127.0.0.1:44896 - R:localhost/127.0.0.1:34540]' for 'POST' to '/session'
23:18:03.372 [AsyncHttpClient-1-2] DEBUG io.netty.util.Recycler - -Dio.netty.recycler.maxCapacityPerThread: 4096
23:18:03.373 [AsyncHttpClient-1-2] DEBUG io.netty.util.Recycler - -Dio.netty.recycler.ratio: 8
23:18:03.373 [AsyncHttpClient-1-2] DEBUG io.netty.util.Recycler - -Dio.netty.recycler.chunkSize: 32
23:18:03.373 [AsyncHttpClient-1-2] DEBUG io.netty.util.Recycler - -Dio.netty.recycler.blocking: false
23:18:05.601 [AsyncHttpClient-1-2] DEBUG io.netty.handler.codec.compression.Brotli - brotli4j not in the classpath; Brotli support will be unavailable.
23:18:05.601 [AsyncHttpClient-1-2] DEBUG org.asynchttpclient.netty.handler.HttpHandler - 

Request DefaultHttpRequest(decodeResult: success, version: HTTP/1.1)
POST /session HTTP/1.1
User-Agent: selenium/4.1.2 (java unix)
Content-Length: 381
Content-Type: application/json; charset=utf-8
host: localhost:34540
accept: */*

Response DefaultHttpResponse(decodeResult: success, version: HTTP/1.1)
HTTP/1.1 200 OK
content-type: application/json; charset=utf-8
cache-control: no-cache
date: Mon, 02 May 2022 22:18:03 GMT
content-length: 740

23:18:05.618 [AsyncHttpClient-1-2] DEBUG org.asynchttpclient.netty.channel.ChannelManager - Adding key: http://localhost:34540 for channel [id: 0x4bcdd3f2, L:/127.0.0.1:44896 - R:localhost/127.0.0.1:34540]
23:18:05.775 [AsyncHttpClient-1-3] DEBUG org.asynchttpclient.netty.channel.NettyConnectListener - Using new Channel '[id: 0x811efc44, L:/127.0.0.1:46956 - R:localhost/127.0.0.1:34655]' for 'GET' to '/json/version'
23:18:05.809 [AsyncHttpClient-1-3] DEBUG org.asynchttpclient.netty.handler.HttpHandler - 

Request DefaultFullHttpRequest(decodeResult: success, version: HTTP/1.1, content: EmptyByteBufBE)
GET /json/version HTTP/1.1
User-Agent: selenium/4.1.2 (java unix)
host: localhost:34655
accept: */*

Response DefaultHttpResponse(decodeResult: success, version: HTTP/1.1)
HTTP/1.1 200 OK
content-type: application/json
connection: close
server: httpd.js
date: Mon, 02 May 2022 22:18:05 GMT
content-length: 298

23:18:05.809 [AsyncHttpClient-1-3] DEBUG org.asynchttpclient.netty.channel.ChannelManager - Closing Channel [id: 0x811efc44, L:/127.0.0.1:46956 - R:localhost/127.0.0.1:34655] 
23:18:05.835 [AsyncHttpClient-1-3] DEBUG org.asynchttpclient.netty.handler.HttpHandler - Channel Closed: [id: 0x811efc44, L:/127.0.0.1:46956 ! R:localhost/127.0.0.1:34655] with attribute DISCARD
23:18:05.837 [Forwarding get on session 3b1872a4-8c24-438d-a1bc-a5eb87b0bb81 to remote] DEBUG org.asynchttpclient.netty.request.NettyRequestSender - Using pooled Channel '[id: 0x4bcdd3f2, L:/127.0.0.1:44896 - R:localhost/127.0.0.1:34540]' for 'POST' to 'http://localhost:34540/session/3b1872a4-8c24-438d-a1bc-a5eb87b0bb81/url'
23:18:05.837 [Forwarding get on session 3b1872a4-8c24-438d-a1bc-a5eb87b0bb81 to remote] DEBUG org.asynchttpclient.netty.request.NettyRequestSender - Using open Channel [id: 0x4bcdd3f2, L:/127.0.0.1:44896 - R:localhost/127.0.0.1:34540] for POST '/session/3b1872a4-8c24-438d-a1bc-a5eb87b0bb81/url'
23:18:06.387 [AsyncHttpClient-1-2] DEBUG org.asynchttpclient.netty.handler.HttpHandler - 

Request DefaultHttpRequest(decodeResult: success, version: HTTP/1.1)
POST /session/3b1872a4-8c24-438d-a1bc-a5eb87b0bb81/url HTTP/1.1
User-Agent: selenium/4.1.2 (java unix)
Content-Length: 52
Content-Type: application/json; charset=utf-8
host: localhost:34540
accept: */*

Response DefaultHttpResponse(decodeResult: success, version: HTTP/1.1)
HTTP/1.1 200 OK
content-type: application/json; charset=utf-8
cache-control: no-cache
date: Mon, 02 May 2022 22:18:05 GMT
content-length: 14

23:18:06.387 [AsyncHttpClient-1-2] DEBUG org.asynchttpclient.netty.channel.ChannelManager - Adding key: http://localhost:34540 for channel [id: 0x4bcdd3f2, L:/127.0.0.1:44896 - R:localhost/127.0.0.1:34540]
]]></system-out>
    <system-err><![CDATA[1651529883065	geckodriver	INFO	Listening on 127.0.0.1:34540
1651529883442	mozrunner::runner	INFO	Running command: "/usr/bin/firefox" "--marionette" "--remote-debugging-port" "34655" "--remote-allow-hosts" "localhost" "-no-remote" "-profile" "/tmp/rust_mozprofileVM8d1H"

(firefox:741403): Gtk-WARNING **: 23:18:03.811: Theme parsing error: gtk.css:68:35: The style property GtkButton:child-displacement-x is deprecated and shouldn't be used anymore. It will be removed in a future version

(firefox:741403): Gtk-WARNING **: 23:18:03.812: Theme parsing error: gtk.css:69:35: The style property GtkButton:child-displacement-y is deprecated and shouldn't be used anymore. It will be removed in a future version

(firefox:741403): Gtk-WARNING **: 23:18:03.812: Theme parsing error: gtk.css:71:36: The style property GtkCheckMenuItem:indicator-size is deprecated and shouldn't be used anymore. It will be removed in a future version

(firefox:741403): Gtk-WARNING **: 23:18:03.812: Theme parsing error: gtk.css:73:46: The style property GtkScrolledWindow:scrollbars-within-bevel is deprecated and shouldn't be used anymore. It will be removed in a future version

(firefox:741403): Gtk-WARNING **: 23:18:03.812: Theme parsing error: gtk.css:76:30: The style property GtkExpander:expander-size is deprecated and shouldn't be used anymore. It will be removed in a future version
ATTENTION: default value of option mesa_glthread overridden by environment.
ATTENTION: default value of option mesa_glthread overridden by environment.
ATTENTION: default value of option mesa_glthread overridden by environment.
ATTENTION: default value of option mesa_glthread overridden by environment.
1651529884184	Marionette	INFO	Marionette enabled
console.warn: SearchSettings: "get: No settings file exists, new profile?" (new NotFoundError("Could not open the file at /tmp/rust_mozprofileVM8d1H/search.json.mozlz4", (void 0)))
DevTools listening on ws://localhost:34655/devtools/browser/5805cdc7-01e3-4ff5-8632-e340a728b283
1651529885509	Marionette	INFO	Listening on port 37403
Read port: 37403
1651529885570	RemoteAgent	WARN	TLS certificate errors will be ignored for this session
mai 02, 2022 11:18:05 DA TARDE org.openqa.selenium.remote.ProtocolHandshake createSession
INFO: Detected dialect: W3C
]]></system-err>
  </testcase>
  <testcase name="Get invalid country" classname="io.github.bonigarcia.CucumberTest" time="2.569">
    <error type="java.lang.NullPointerException">java.lang.NullPointerException
</error>
    <system-out><![CDATA[23:18:06.431 [main] DEBUG io.github.bonigarcia.wdm.cache.ResolutionCache - Resolution firefox=99 in cache (valid until 00:15:24 03/05/2022 WEST)
23:18:06.435 [main] DEBUG io.github.bonigarcia.wdm.cache.ResolutionCache - Resolution firefox99=0.31.0 in cache (valid until 23:15:24 03/05/2022 WEST)
23:18:06.436 [main] INFO io.github.bonigarcia.wdm.WebDriverManager - Using geckodriver 0.31.0 (resolved driver for Firefox 99)
23:18:06.449 [main] DEBUG io.github.bonigarcia.wdm.WebDriverManager - Driver geckodriver 0.31.0 found in cache
23:18:06.450 [main] INFO io.github.bonigarcia.wdm.WebDriverManager - Exporting webdriver.gecko.driver as /home/pedro-duarte/.cache/selenium/geckodriver/linux64/0.31.0/geckodriver
23:18:06.487 [AsyncHttpClient-1-4] DEBUG org.asynchttpclient.netty.channel.NettyConnectListener - Using new Channel '[id: 0x6c4d61ef, L:/127.0.0.1:34486 - R:localhost/127.0.0.1:53355]' for 'POST' to '/session'
23:18:07.180 [AsyncHttpClient-1-1] DEBUG org.asynchttpclient.netty.channel.DefaultChannelPool - Entry count for : http://localhost:34540 : 1
23:18:08.280 [AsyncHttpClient-1-1] DEBUG org.asynchttpclient.netty.channel.DefaultChannelPool - Entry count for : http://localhost:34540 : 1
23:18:08.492 [AsyncHttpClient-1-4] DEBUG org.asynchttpclient.netty.handler.HttpHandler - 

Request DefaultHttpRequest(decodeResult: success, version: HTTP/1.1)
POST /session HTTP/1.1
User-Agent: selenium/4.1.2 (java unix)
Content-Length: 381
Content-Type: application/json; charset=utf-8
host: localhost:53355
accept: */*

Response DefaultHttpResponse(decodeResult: success, version: HTTP/1.1)
HTTP/1.1 200 OK
content-type: application/json; charset=utf-8
cache-control: no-cache
date: Mon, 02 May 2022 22:18:06 GMT
content-length: 740

23:18:08.493 [AsyncHttpClient-1-4] DEBUG org.asynchttpclient.netty.channel.ChannelManager - Adding key: http://localhost:53355 for channel [id: 0x6c4d61ef, L:/127.0.0.1:34486 - R:localhost/127.0.0.1:53355]
23:18:08.505 [AsyncHttpClient-1-5] DEBUG org.asynchttpclient.netty.channel.NettyConnectListener - Using new Channel '[id: 0xcfa60982, L:/127.0.0.1:37040 - R:localhost/127.0.0.1:40860]' for 'GET' to '/json/version'
23:18:08.542 [AsyncHttpClient-1-5] DEBUG org.asynchttpclient.netty.handler.HttpHandler - 

Request DefaultFullHttpRequest(decodeResult: success, version: HTTP/1.1, content: EmptyByteBufBE)
GET /json/version HTTP/1.1
User-Agent: selenium/4.1.2 (java unix)
host: localhost:40860
accept: */*

Response DefaultHttpResponse(decodeResult: success, version: HTTP/1.1)
HTTP/1.1 200 OK
content-type: application/json
connection: close
server: httpd.js
date: Mon, 02 May 2022 22:18:08 GMT
content-length: 298

23:18:08.542 [AsyncHttpClient-1-5] DEBUG org.asynchttpclient.netty.channel.ChannelManager - Closing Channel [id: 0xcfa60982, L:/127.0.0.1:37040 - R:localhost/127.0.0.1:40860] 
23:18:08.542 [AsyncHttpClient-1-5] DEBUG org.asynchttpclient.netty.handler.HttpHandler - Channel Closed: [id: 0xcfa60982, L:/127.0.0.1:37040 ! R:localhost/127.0.0.1:40860] with attribute DISCARD
23:18:08.553 [Forwarding get on session a2672bfd-e380-44b0-924f-ccc49db7a84c to remote] DEBUG org.asynchttpclient.netty.request.NettyRequestSender - Using pooled Channel '[id: 0x6c4d61ef, L:/127.0.0.1:34486 - R:localhost/127.0.0.1:53355]' for 'POST' to 'http://localhost:53355/session/a2672bfd-e380-44b0-924f-ccc49db7a84c/url'
23:18:08.555 [Forwarding get on session a2672bfd-e380-44b0-924f-ccc49db7a84c to remote] DEBUG org.asynchttpclient.netty.request.NettyRequestSender - Using open Channel [id: 0x6c4d61ef, L:/127.0.0.1:34486 - R:localhost/127.0.0.1:53355] for POST '/session/a2672bfd-e380-44b0-924f-ccc49db7a84c/url'
23:18:08.975 [AsyncHttpClient-1-4] DEBUG org.asynchttpclient.netty.handler.HttpHandler - 

Request DefaultHttpRequest(decodeResult: success, version: HTTP/1.1)
POST /session/a2672bfd-e380-44b0-924f-ccc49db7a84c/url HTTP/1.1
User-Agent: selenium/4.1.2 (java unix)
Content-Length: 52
Content-Type: application/json; charset=utf-8
host: localhost:53355
accept: */*

Response DefaultHttpResponse(decodeResult: success, version: HTTP/1.1)
HTTP/1.1 200 OK
content-type: application/json; charset=utf-8
cache-control: no-cache
date: Mon, 02 May 2022 22:18:08 GMT
content-length: 14

23:18:08.976 [AsyncHttpClient-1-4] DEBUG org.asynchttpclient.netty.channel.ChannelManager - Adding key: http://localhost:53355 for channel [id: 0x6c4d61ef, L:/127.0.0.1:34486 - R:localhost/127.0.0.1:53355]
]]></system-out>
    <system-err><![CDATA[1651529886468	geckodriver	INFO	Listening on 127.0.0.1:53355
1651529886553	mozrunner::runner	INFO	Running command: "/usr/bin/firefox" "--marionette" "--remote-debugging-port" "40860" "--remote-allow-hosts" "localhost" "-no-remote" "-profile" "/tmp/rust_mozprofileMN7jPQ"

(firefox:741663): Gtk-WARNING **: 23:18:06.918: Theme parsing error: gtk.css:68:35: The style property GtkButton:child-displacement-x is deprecated and shouldn't be used anymore. It will be removed in a future version

(firefox:741663): Gtk-WARNING **: 23:18:06.919: Theme parsing error: gtk.css:69:35: The style property GtkButton:child-displacement-y is deprecated and shouldn't be used anymore. It will be removed in a future version

(firefox:741663): Gtk-WARNING **: 23:18:06.919: Theme parsing error: gtk.css:71:36: The style property GtkCheckMenuItem:indicator-size is deprecated and shouldn't be used anymore. It will be removed in a future version

(firefox:741663): Gtk-WARNING **: 23:18:06.919: Theme parsing error: gtk.css:73:46: The style property GtkScrolledWindow:scrollbars-within-bevel is deprecated and shouldn't be used anymore. It will be removed in a future version

(firefox:741663): Gtk-WARNING **: 23:18:06.919: Theme parsing error: gtk.css:76:30: The style property GtkExpander:expander-size is deprecated and shouldn't be used anymore. It will be removed in a future version
ATTENTION: default value of option mesa_glthread overridden by environment.
ATTENTION: default value of option mesa_glthread overridden by environment.
ATTENTION: default value of option mesa_glthread overridden by environment.
ATTENTION: default value of option mesa_glthread overridden by environment.
1651529887166	Marionette	INFO	Marionette enabled
console.warn: SearchSettings: "get: No settings file exists, new profile?" (new NotFoundError("Could not open the file at /tmp/rust_mozprofileMN7jPQ/search.json.mozlz4", (void 0)))
DevTools listening on ws://localhost:40860/devtools/browser/c791f8e3-2ceb-40f6-b186-014202d82a0d
1651529888434	Marionette	INFO	Listening on port 34303
Read port: 34303
1651529888477	RemoteAgent	WARN	TLS certificate errors will be ignored for this session
mai 02, 2022 11:18:08 DA TARDE org.openqa.selenium.remote.ProtocolHandshake createSession
INFO: Detected dialect: W3C
]]></system-err>
  </testcase>
  <testcase name="Get invalid date range" classname="io.github.bonigarcia.CucumberTest" time="2.882">
    <error type="java.lang.NullPointerException">java.lang.NullPointerException
</error>
    <system-out><![CDATA[23:18:09.004 [main] DEBUG io.github.bonigarcia.wdm.cache.ResolutionCache - Resolution firefox=99 in cache (valid until 00:15:24 03/05/2022 WEST)
23:18:09.009 [main] DEBUG io.github.bonigarcia.wdm.cache.ResolutionCache - Resolution firefox99=0.31.0 in cache (valid until 23:15:24 03/05/2022 WEST)
23:18:09.012 [main] INFO io.github.bonigarcia.wdm.WebDriverManager - Using geckodriver 0.31.0 (resolved driver for Firefox 99)
23:18:09.026 [main] DEBUG io.github.bonigarcia.wdm.WebDriverManager - Driver geckodriver 0.31.0 found in cache
23:18:09.030 [main] INFO io.github.bonigarcia.wdm.WebDriverManager - Exporting webdriver.gecko.driver as /home/pedro-duarte/.cache/selenium/geckodriver/linux64/0.31.0/geckodriver
23:18:09.067 [AsyncHttpClient-1-6] DEBUG org.asynchttpclient.netty.channel.NettyConnectListener - Using new Channel '[id: 0x333828aa, L:/127.0.0.1:41928 - R:localhost/127.0.0.1:46250]' for 'POST' to '/session'
23:18:09.380 [AsyncHttpClient-1-1] DEBUG org.asynchttpclient.netty.channel.DefaultChannelPool - Entry count for : http://localhost:34540 : 1
23:18:09.381 [AsyncHttpClient-1-1] DEBUG org.asynchttpclient.netty.channel.DefaultChannelPool - Entry count for : http://localhost:53355 : 1
23:18:10.480 [AsyncHttpClient-1-1] DEBUG org.asynchttpclient.netty.channel.DefaultChannelPool - Entry count for : http://localhost:34540 : 1
23:18:10.480 [AsyncHttpClient-1-1] DEBUG org.asynchttpclient.netty.channel.DefaultChannelPool - Entry count for : http://localhost:53355 : 1
23:18:11.252 [AsyncHttpClient-1-6] DEBUG org.asynchttpclient.netty.handler.HttpHandler - 

Request DefaultHttpRequest(decodeResult: success, version: HTTP/1.1)
POST /session HTTP/1.1
User-Agent: selenium/4.1.2 (java unix)
Content-Length: 381
Content-Type: application/json; charset=utf-8
host: localhost:46250
accept: */*

Response DefaultHttpResponse(decodeResult: success, version: HTTP/1.1)
HTTP/1.1 200 OK
content-type: application/json; charset=utf-8
cache-control: no-cache
date: Mon, 02 May 2022 22:18:09 GMT
content-length: 740

23:18:11.252 [AsyncHttpClient-1-6] DEBUG org.asynchttpclient.netty.channel.ChannelManager - Adding key: http://localhost:46250 for channel [id: 0x333828aa, L:/127.0.0.1:41928 - R:localhost/127.0.0.1:46250]
23:18:11.281 [AsyncHttpClient-1-7] DEBUG org.asynchttpclient.netty.channel.NettyConnectListener - Using new Channel '[id: 0x4b1e37c9, L:/127.0.0.1:37436 - R:localhost/127.0.0.1:37657]' for 'GET' to '/json/version'
23:18:11.298 [AsyncHttpClient-1-7] DEBUG org.asynchttpclient.netty.handler.HttpHandler - 

Request DefaultFullHttpRequest(decodeResult: success, version: HTTP/1.1, content: EmptyByteBufBE)
GET /json/version HTTP/1.1
User-Agent: selenium/4.1.2 (java unix)
host: localhost:37657
accept: */*

Response DefaultHttpResponse(decodeResult: success, version: HTTP/1.1)
HTTP/1.1 200 OK
content-type: application/json
connection: close
server: httpd.js
date: Mon, 02 May 2022 22:18:11 GMT
content-length: 298

23:18:11.313 [AsyncHttpClient-1-7] DEBUG org.asynchttpclient.netty.channel.ChannelManager - Closing Channel [id: 0x4b1e37c9, L:/127.0.0.1:37436 - R:localhost/127.0.0.1:37657] 
23:18:11.317 [Forwarding get on session 4b115a8b-f8f3-42cb-97ac-2e61c8ba1070 to remote] DEBUG org.asynchttpclient.netty.request.NettyRequestSender - Using pooled Channel '[id: 0x333828aa, L:/127.0.0.1:41928 - R:localhost/127.0.0.1:46250]' for 'POST' to 'http://localhost:46250/session/4b115a8b-f8f3-42cb-97ac-2e61c8ba1070/url'
23:18:11.317 [Forwarding get on session 4b115a8b-f8f3-42cb-97ac-2e61c8ba1070 to remote] DEBUG org.asynchttpclient.netty.request.NettyRequestSender - Using open Channel [id: 0x333828aa, L:/127.0.0.1:41928 - R:localhost/127.0.0.1:46250] for POST '/session/4b115a8b-f8f3-42cb-97ac-2e61c8ba1070/url'
23:18:11.317 [AsyncHttpClient-1-7] DEBUG org.asynchttpclient.netty.handler.HttpHandler - Channel Closed: [id: 0x4b1e37c9, L:/127.0.0.1:37436 ! R:localhost/127.0.0.1:37657] with attribute DISCARD
23:18:11.580 [AsyncHttpClient-1-1] DEBUG org.asynchttpclient.netty.channel.DefaultChannelPool - Entry count for : http://localhost:34540 : 1
23:18:11.580 [AsyncHttpClient-1-1] DEBUG org.asynchttpclient.netty.channel.DefaultChannelPool - Entry count for : http://localhost:53355 : 1
23:18:11.859 [AsyncHttpClient-1-6] DEBUG org.asynchttpclient.netty.handler.HttpHandler - 

Request DefaultHttpRequest(decodeResult: success, version: HTTP/1.1)
POST /session/4b115a8b-f8f3-42cb-97ac-2e61c8ba1070/url HTTP/1.1
User-Agent: selenium/4.1.2 (java unix)
Content-Length: 52
Content-Type: application/json; charset=utf-8
host: localhost:46250
accept: */*

Response DefaultHttpResponse(decodeResult: success, version: HTTP/1.1)
HTTP/1.1 200 OK
content-type: application/json; charset=utf-8
cache-control: no-cache
date: Mon, 02 May 2022 22:18:11 GMT
content-length: 14

23:18:11.859 [AsyncHttpClient-1-6] DEBUG org.asynchttpclient.netty.channel.ChannelManager - Adding key: http://localhost:46250 for channel [id: 0x333828aa, L:/127.0.0.1:41928 - R:localhost/127.0.0.1:46250]
]]></system-out>
    <system-err><![CDATA[1651529889062	geckodriver	INFO	Listening on 127.0.0.1:46250
1651529889150	mozrunner::runner	INFO	Running command: "/usr/bin/firefox" "--marionette" "--remote-debugging-port" "37657" "--remote-allow-hosts" "localhost" "-no-remote" "-profile" "/tmp/rust_mozprofilewqhmpH"

(firefox:741933): Gtk-WARNING **: 23:18:09.506: Theme parsing error: gtk.css:68:35: The style property GtkButton:child-displacement-x is deprecated and shouldn't be used anymore. It will be removed in a future version

(firefox:741933): Gtk-WARNING **: 23:18:09.506: Theme parsing error: gtk.css:69:35: The style property GtkButton:child-displacement-y is deprecated and shouldn't be used anymore. It will be removed in a future version

(firefox:741933): Gtk-WARNING **: 23:18:09.506: Theme parsing error: gtk.css:71:36: The style property GtkCheckMenuItem:indicator-size is deprecated and shouldn't be used anymore. It will be removed in a future version

(firefox:741933): Gtk-WARNING **: 23:18:09.506: Theme parsing error: gtk.css:73:46: The style property GtkScrolledWindow:scrollbars-within-bevel is deprecated and shouldn't be used anymore. It will be removed in a future version

(firefox:741933): Gtk-WARNING **: 23:18:09.506: Theme parsing error: gtk.css:76:30: The style property GtkExpander:expander-size is deprecated and shouldn't be used anymore. It will be removed in a future version
ATTENTION: default value of option mesa_glthread overridden by environment.
ATTENTION: default value of option mesa_glthread overridden by environment.
ATTENTION: default value of option mesa_glthread overridden by environment.
ATTENTION: default value of option mesa_glthread overridden by environment.
1651529889950	Marionette	INFO	Marionette enabled
console.warn: SearchSettings: "get: No settings file exists, new profile?" (new NotFoundError("Could not open the file at /tmp/rust_mozprofilewqhmpH/search.json.mozlz4", (void 0)))
DevTools listening on ws://localhost:37657/devtools/browser/be057dc3-f7c8-4092-9441-bd941c9b50f1
1651529891108	Marionette	INFO	Listening on port 39777
Read port: 39777
1651529891230	RemoteAgent	WARN	TLS certificate errors will be ignored for this session
mai 02, 2022 11:18:11 DA TARDE org.openqa.selenium.remote.ProtocolHandshake createSession
INFO: Detected dialect: W3C
]]></system-err>
  </testcase>
</testsuite>